<?xml version="1.0" encoding="UTF-8"?>
<!-- Generated by org.testng.reporters.JUnitReportReporter -->
<testsuite hostname="DESKTOP-SRRVDGO" failures="0" tests="1" name="tests.HRMLoginTest" time="18.660" errors="0" timestamp="2024-03-24T21:35:36 IST" skipped="0">
  <testcase classname="tests.HRMLoginTest" name="loginTest_001" time="18.660"/>
</testsuite> <!-- tests.HRMLoginTest -->
