<?xml version="1.0" encoding="UTF-8"?>
<!-- Generated by org.testng.reporters.JUnitReportReporter -->
<testsuite hostname="DESKTOP-SRRVDGO" failures="0" tests="1" name="tests.HRMLoginTest" time="96.728" errors="0" timestamp="2024-04-10T20:59:15 IST" skipped="0">
  <testcase classname="tests.HRMLoginTest" name="loginTest_001" time="96.728"/>
</testsuite> <!-- tests.HRMLoginTest -->
